<?xml version="1.0" encoding="UTF-8"?>
<!-- Generated by org.testng.reporters.JUnitXMLReporter -->
<testsuite hostname="EVR01271NB" ignored="0" name="Default test" tests="8" failures="0" timestamp="18 Nov 2019 10:49:42 GMT" time="203.661" errors="0">
  <testcase name="Test1_LoginPageUIElementsTest" time="15.398" classname="com.automation.hackathon.VisualAITests"/>
  <testcase name="Test2_DataDrivenTest" time="14.684" classname="com.automation.hackathon.VisualAITests"/>
  <testcase name="Test2_DataDrivenTest" time="13.8" classname="com.automation.hackathon.VisualAITests"/>
  <testcase name="Test2_DataDrivenTest" time="13.661" classname="com.automation.hackathon.VisualAITests"/>
  <testcase name="Test2_DataDrivenTest" time="12.601" classname="com.automation.hackathon.VisualAITests"/>
  <testcase name="Test3_TableSortTest" time="19.335" classname="com.automation.hackathon.VisualAITests"/>
  <testcase name="Test4_CanvasChartTest" time="35.235" classname="com.automation.hackathon.VisualAITests"/>
  <testcase name="Test5_DynamicContentTest" time="21.514" classname="com.automation.hackathon.VisualAITests"/>
</testsuite> <!-- Default test -->
